<?xml version="1.0" encoding="UTF-8"?>
<!-- Generated by org.testng.reporters.JUnitXMLReporter -->
<testsuite ignored="0" hostname="Shabeers-MacBook-Air.local" failures="0" tests="4" name="Default test" time="12.383" errors="0" timestamp="2026-01-03T01:45:01 IST">
  <testcase classname="api.test.StoreTest" name="placeOrder" time="6.588"/>
  <testcase classname="api.test.StoreTest" name="inventoryDetailsSchema" time="2.287"/>
  <testcase classname="api.test.StoreTest" name="purchaseDetails" time="1.599"/>
  <testcase classname="api.test.StoreTest" name="dltPurchase" time="1.812"/>
</testsuite> <!-- Default test -->
