<?xml version="1.0" encoding="UTF-8"?>
<!-- Generated by org.testng.reporters.JUnitXMLReporter -->
<testsuite ignored="0" hostname="Shabeers-MacBook-Air.local" failures="2" tests="23" name="Test" time="48.342" errors="0" timestamp="2026-01-06T01:44:55 IST">
  <testcase classname="api.test.PetTest" name="testAddPetDetails" time="6.814"/>
  <testcase classname="api.test.PetTest" name="testUpdatePetDetails" time="1.768"/>
  <testcase classname="api.test.PetTest" name="testViewPet" time="1.869"/>
  <testcase classname="api.test.User_Test" name="testCreateUser" time="1.724"/>
  <testcase classname="api.test.User_Test" name="testViewUserWithUsername" time="1.771"/>
  <testcase classname="api.test.User_Test" name="testUpdateUserWithUsername" time="1.999"/>
  <testcase classname="api.test.User_Test" name="testViewUpdatedUserWithUsername" time="1.699"/>
  <testcase classname="api.test.User_Test" name="testdeleteUser" time="1.904"/>
  <testcase classname="api.test.User_Test" name="testViewDltedUserInfo" time="1.678"/>
  <testcase classname="api.test.User_Test" name="testLogin" time="1.597"/>
  <testcase classname="api.test.User_Test" name="testLogout" time="1.676"/>
  <testcase classname="api.test.User_Test" name="testCreateWithList" time="0.006">
    <failure type="java.io.FileNotFoundException" message="Users/shabeerbaksha/SDET/PetStoreAutomation/ALFile.JSON (No such file or directory)">
      <![CDATA[java.io.FileNotFoundException: Users/shabeerbaksha/SDET/PetStoreAutomation/ALFile.JSON (No such file or directory)
at java.base/java.io.FileInputStream.open0(Native Method)
at java.base/java.io.FileInputStream.open(FileInputStream.java:213)
at java.base/java.io.FileInputStream.<init>(FileInputStream.java:152)
at java.base/java.io.FileReader.<init>(FileReader.java:75)
at api.test.User_Test.testCreateWithList(User_Test.java:146)
at java.base/java.util.ArrayList.forEach(ArrayList.java:1596)
... Removed 25 stack frames]]>
    </failure>
  </testcase> <!-- testCreateWithList -->
  <testcase classname="api.test.User_Test" name="CreateWithArray" time="0.003">
    <failure type="org.json.JSONException" message="A JSONObject text must begin with &amp;apos;{&amp;apos; at 1 [character 2 line 1]">
      <![CDATA[org.json.JSONException: A JSONObject text must begin with '{' at 1 [character 2 line 1]
at org.json.JSONTokener.syntaxError(JSONTokener.java:568)
at org.json.JSONObject.<init>(JSONObject.java:220)
at org.json.JSONObject.<init>(JSONObject.java:198)
at api.test.User_Test.CreateWithArray(User_Test.java:134)
at java.base/java.util.ArrayList.forEach(ArrayList.java:1596)
... Removed 25 stack frames]]>
    </failure>
  </testcase> <!-- CreateWithArray -->
  <testcase classname="api.test.StoreTest" name="placeOrder" time="1.653"/>
  <testcase classname="api.test.StoreTest" name="inventoryDetailsSchema" time="2.255"/>
  <testcase classname="api.test.StoreTest" name="purchaseDetails" time="2.068"/>
  <testcase classname="api.test.StoreTest" name="dltPurchase" time="1.87"/>
  <testcase classname="api.test.DDTest" name="dataDrivenCreateUserTest" time="2.334"/>
  <testcase classname="api.test.DDTest" name="dataDrivenCreateUserTest" time="1.704"/>
  <testcase classname="api.test.DDTest" name="dataDrivenCreateUserTest" time="1.68"/>
  <testcase classname="api.test.DDTest" name="dataDrivenDltUserTest" time="1.624"/>
  <testcase classname="api.test.DDTest" name="dataDrivenDltUserTest" time="1.77"/>
  <testcase classname="api.test.DDTest" name="dataDrivenDltUserTest" time="2.024"/>
</testsuite> <!-- Test -->
