<?xml version="1.0" encoding="UTF-8"?>
<!-- Generated by org.testng.reporters.JUnitXMLReporter -->
<testsuite ignored="0" hostname="Shabeers-MacBook-Air.local" failures="0" tests="21" name="Test" time="52.33" errors="0" timestamp="2026-01-07T00:40:02 IST">
  <testcase classname="api.test.PetTest" name="testAddPetDetails" time="6.935"/>
  <testcase classname="api.test.PetTest" name="testUpdatePetDetails" time="2.231"/>
  <testcase classname="api.test.PetTest" name="testViewPet" time="2.063"/>
  <testcase classname="api.test.User_Test" name="testCreateUser" time="2.09"/>
  <testcase classname="api.test.User_Test" name="testViewUserWithUsername" time="1.694"/>
  <testcase classname="api.test.User_Test" name="testUpdateUserWithUsername" time="2.378"/>
  <testcase classname="api.test.User_Test" name="testViewUpdatedUserWithUsername" time="1.914"/>
  <testcase classname="api.test.User_Test" name="testdeleteUser" time="2.154"/>
  <testcase classname="api.test.User_Test" name="testViewDltedUserInfo" time="2.189"/>
  <testcase classname="api.test.User_Test" name="testLogin" time="1.918"/>
  <testcase classname="api.test.User_Test" name="testLogout" time="2.116"/>
  <testcase classname="api.test.StoreTest" name="placeOrder" time="2.105"/>
  <testcase classname="api.test.StoreTest" name="inventoryDetailsSchema" time="2.208"/>
  <testcase classname="api.test.StoreTest" name="purchaseDetails" time="2.345"/>
  <testcase classname="api.test.StoreTest" name="dltPurchase" time="2.028"/>
  <testcase classname="api.test.DDTest" name="dataDrivenCreateUserTest" time="2.09"/>
  <testcase classname="api.test.DDTest" name="dataDrivenCreateUserTest" time="2.613"/>
  <testcase classname="api.test.DDTest" name="dataDrivenCreateUserTest" time="2.446"/>
  <testcase classname="api.test.DDTest" name="dataDrivenDltUserTest" time="2.078"/>
  <testcase classname="api.test.DDTest" name="dataDrivenDltUserTest" time="1.945"/>
  <testcase classname="api.test.DDTest" name="dataDrivenDltUserTest" time="1.819"/>
</testsuite> <!-- Test -->
