<?xml version="1.0" encoding="UTF-8"?>
<!-- Generated by org.testng.reporters.JUnitXMLReporter -->
<testsuite ignored="0" hostname="Shabeers-MacBook-Air.local" failures="0" tests="21" name="Test" time="43.477" errors="0" timestamp="2026-01-11T23:17:48 IST">
  <testcase classname="api.test.PetTest" name="testAddPetDetails" time="7.407"/>
  <testcase classname="api.test.PetTest" name="testUpdatePetDetails" time="1.602"/>
  <testcase classname="api.test.PetTest" name="testViewPet" time="1.543"/>
  <testcase classname="api.test.User_Test" name="testCreateUser" time="1.354"/>
  <testcase classname="api.test.User_Test" name="testViewUserWithUsername" time="1.726"/>
  <testcase classname="api.test.User_Test" name="testUpdateUserWithUsername" time="1.728"/>
  <testcase classname="api.test.User_Test" name="testViewUpdatedUserWithUsername" time="1.614"/>
  <testcase classname="api.test.User_Test" name="testdeleteUser" time="1.586"/>
  <testcase classname="api.test.User_Test" name="testViewDltedUserInfo" time="1.478"/>
  <testcase classname="api.test.User_Test" name="testLogin" time="1.477"/>
  <testcase classname="api.test.User_Test" name="testLogout" time="1.484"/>
  <testcase classname="api.test.StoreTest" name="placeOrder" time="1.77"/>
  <testcase classname="api.test.StoreTest" name="inventoryDetailsSchema" time="1.818"/>
  <testcase classname="api.test.StoreTest" name="purchaseDetails" time="1.826"/>
  <testcase classname="api.test.StoreTest" name="dltPurchase" time="1.483"/>
  <testcase classname="api.test.DDTest" name="dataDrivenCreateUserTest" time="1.768"/>
  <testcase classname="api.test.DDTest" name="dataDrivenCreateUserTest" time="1.853"/>
  <testcase classname="api.test.DDTest" name="dataDrivenCreateUserTest" time="1.735"/>
  <testcase classname="api.test.DDTest" name="dataDrivenDltUserTest" time="1.555"/>
  <testcase classname="api.test.DDTest" name="dataDrivenDltUserTest" time="2.228"/>
  <testcase classname="api.test.DDTest" name="dataDrivenDltUserTest" time="1.552"/>
</testsuite> <!-- Test -->
