<?xml version="1.0" encoding="UTF-8"?>
<testng-results ignored="0" total="21" passed="21" failed="0" skipped="0">
  <reporter-output>
  </reporter-output>
  <suite started-at="2026-01-07T00:39:09 IST" name="Suite" finished-at="2026-01-07T00:40:01 IST" duration-ms="52330">
    <groups>
    </groups>
    <test started-at="2026-01-07T00:39:09 IST" name="Test" finished-at="2026-01-07T00:40:01 IST" duration-ms="52330">
      <class name="api.test.User_Test">
        <test-method is-config="true" signature="setup()[pri:0, instance:api.test.User_Test@158da8e]" started-at="2026-01-07T00:39:21 IST" name="setup" finished-at="2026-01-07T00:39:21 IST" duration-ms="263" status="PASS">
          <reporter-output>
          </reporter-output>
        </test-method> <!-- setup -->
        <test-method signature="testCreateUser()[pri:0, instance:api.test.User_Test@158da8e]" started-at="2026-01-07T00:39:21 IST" name="testCreateUser" finished-at="2026-01-07T00:39:23 IST" duration-ms="2090" status="PASS">
          <reporter-output>
          </reporter-output>
        </test-method> <!-- testCreateUser -->
        <test-method signature="testViewUserWithUsername()[pri:1, instance:api.test.User_Test@158da8e]" started-at="2026-01-07T00:39:23 IST" name="testViewUserWithUsername" finished-at="2026-01-07T00:39:25 IST" duration-ms="1694" status="PASS">
          <reporter-output>
          </reporter-output>
        </test-method> <!-- testViewUserWithUsername -->
        <test-method signature="testUpdateUserWithUsername()[pri:2, instance:api.test.User_Test@158da8e]" started-at="2026-01-07T00:39:25 IST" name="testUpdateUserWithUsername" finished-at="2026-01-07T00:39:27 IST" duration-ms="2378" status="PASS">
          <reporter-output>
          </reporter-output>
        </test-method> <!-- testUpdateUserWithUsername -->
        <test-method signature="testViewUpdatedUserWithUsername()[pri:3, instance:api.test.User_Test@158da8e]" started-at="2026-01-07T00:39:27 IST" name="testViewUpdatedUserWithUsername" finished-at="2026-01-07T00:39:29 IST" duration-ms="1914" status="PASS">
          <reporter-output>
          </reporter-output>
        </test-method> <!-- testViewUpdatedUserWithUsername -->
        <test-method signature="testdeleteUser()[pri:4, instance:api.test.User_Test@158da8e]" started-at="2026-01-07T00:39:29 IST" name="testdeleteUser" finished-at="2026-01-07T00:39:31 IST" duration-ms="2154" status="PASS">
          <reporter-output>
          </reporter-output>
        </test-method> <!-- testdeleteUser -->
        <test-method signature="testViewDltedUserInfo()[pri:5, instance:api.test.User_Test@158da8e]" started-at="2026-01-07T00:39:31 IST" name="testViewDltedUserInfo" finished-at="2026-01-07T00:39:34 IST" duration-ms="2189" status="PASS">
          <reporter-output>
          </reporter-output>
        </test-method> <!-- testViewDltedUserInfo -->
        <test-method signature="testLogin()[pri:6, instance:api.test.User_Test@158da8e]" started-at="2026-01-07T00:39:34 IST" name="testLogin" finished-at="2026-01-07T00:39:35 IST" duration-ms="1918" status="PASS">
          <reporter-output>
          </reporter-output>
        </test-method> <!-- testLogin -->
        <test-method signature="testLogout()[pri:7, instance:api.test.User_Test@158da8e]" started-at="2026-01-07T00:39:35 IST" name="testLogout" finished-at="2026-01-07T00:39:38 IST" duration-ms="2116" status="PASS">
          <reporter-output>
          </reporter-output>
        </test-method> <!-- testLogout -->
      </class> <!-- api.test.User_Test -->
      <class name="api.test.PetTest">
        <test-method signature="testAddPetDetails()[pri:1, instance:api.test.PetTest@481a996b]" started-at="2026-01-07T00:39:09 IST" name="testAddPetDetails" finished-at="2026-01-07T00:39:16 IST" duration-ms="6935" status="PASS">
          <reporter-output>
          </reporter-output>
        </test-method> <!-- testAddPetDetails -->
        <test-method signature="testUpdatePetDetails()[pri:2, instance:api.test.PetTest@481a996b]" started-at="2026-01-07T00:39:16 IST" name="testUpdatePetDetails" finished-at="2026-01-07T00:39:19 IST" duration-ms="2231" status="PASS">
          <reporter-output>
          </reporter-output>
        </test-method> <!-- testUpdatePetDetails -->
        <test-method signature="testViewPet()[pri:3, instance:api.test.PetTest@481a996b]" started-at="2026-01-07T00:39:19 IST" name="testViewPet" finished-at="2026-01-07T00:39:21 IST" duration-ms="2063" status="PASS">
          <reporter-output>
          </reporter-output>
        </test-method> <!-- testViewPet -->
      </class> <!-- api.test.PetTest -->
      <class name="api.test.DDTest">
        <test-method signature="dataDrivenCreateUserTest(java.lang.String,java.lang.String,java.lang.String,java.lang.String,java.lang.String,java.lang.String,java.lang.String)[pri:1, instance:api.test.DDTest@74e52ef6]" started-at="2026-01-07T00:39:48 IST" name="dataDrivenCreateUserTest" data-provider="Data" finished-at="2026-01-07T00:39:50 IST" duration-ms="2090" status="PASS">
          <params>
            <param index="0">
              <value>
                <![CDATA[1010]]>
              </value>
            </param>
            <param index="1">
              <value>
                <![CDATA[StarRaja]]>
              </value>
            </param>
            <param index="2">
              <value>
                <![CDATA[Star]]>
              </value>
            </param>
            <param index="3">
              <value>
                <![CDATA[Raj]]>
              </value>
            </param>
            <param index="4">
              <value>
                <![CDATA[StarRaja123@gmail.com]]>
              </value>
            </param>
            <param index="5">
              <value>
                <![CDATA[2312312#@]]>
              </value>
            </param>
            <param index="6">
              <value>
                <![CDATA[9876543210]]>
              </value>
            </param>
          </params>
          <reporter-output>
          </reporter-output>
        </test-method> <!-- dataDrivenCreateUserTest -->
        <test-method signature="dataDrivenCreateUserTest(java.lang.String,java.lang.String,java.lang.String,java.lang.String,java.lang.String,java.lang.String,java.lang.String)[pri:1, instance:api.test.DDTest@74e52ef6]" started-at="2026-01-07T00:39:50 IST" name="dataDrivenCreateUserTest" data-provider="Data" finished-at="2026-01-07T00:39:53 IST" duration-ms="2613" status="PASS">
          <params>
            <param index="0">
              <value>
                <![CDATA[1011]]>
              </value>
            </param>
            <param index="1">
              <value>
                <![CDATA[Padiyappa]]>
              </value>
            </param>
            <param index="2">
              <value>
                <![CDATA[Padai]]>
              </value>
            </param>
            <param index="3">
              <value>
                <![CDATA[Appan]]>
              </value>
            </param>
            <param index="4">
              <value>
                <![CDATA[Padiyappa122@gmail.com]]>
              </value>
            </param>
            <param index="5">
              <value>
                <![CDATA[kjs@dudbi]]>
              </value>
            </param>
            <param index="6">
              <value>
                <![CDATA[1234567890]]>
              </value>
            </param>
          </params>
          <reporter-output>
          </reporter-output>
        </test-method> <!-- dataDrivenCreateUserTest -->
        <test-method signature="dataDrivenCreateUserTest(java.lang.String,java.lang.String,java.lang.String,java.lang.String,java.lang.String,java.lang.String,java.lang.String)[pri:1, instance:api.test.DDTest@74e52ef6]" started-at="2026-01-07T00:39:53 IST" name="dataDrivenCreateUserTest" data-provider="Data" finished-at="2026-01-07T00:39:55 IST" duration-ms="2446" status="PASS">
          <params>
            <param index="0">
              <value>
                <![CDATA[1012]]>
              </value>
            </param>
            <param index="1">
              <value>
                <![CDATA[Baba]]>
              </value>
            </param>
            <param index="2">
              <value>
                <![CDATA[Ba]]>
              </value>
            </param>
            <param index="3">
              <value>
                <![CDATA[Babu]]>
              </value>
            </param>
            <param index="4">
              <value>
                <![CDATA[Baba987@gmail.com]]>
              </value>
            </param>
            <param index="5">
              <value>
                <![CDATA[081y28e0@]]>
              </value>
            </param>
            <param index="6">
              <value>
                <![CDATA[8907654321]]>
              </value>
            </param>
          </params>
          <reporter-output>
          </reporter-output>
        </test-method> <!-- dataDrivenCreateUserTest -->
        <test-method signature="dataDrivenDltUserTest(java.lang.String)[pri:2, instance:api.test.DDTest@74e52ef6]" started-at="2026-01-07T00:39:56 IST" name="dataDrivenDltUserTest" data-provider="Username" finished-at="2026-01-07T00:39:58 IST" duration-ms="2078" status="PASS">
          <params>
            <param index="0">
              <value>
                <![CDATA[StarRaja]]>
              </value>
            </param>
          </params>
          <reporter-output>
          </reporter-output>
        </test-method> <!-- dataDrivenDltUserTest -->
        <test-method signature="dataDrivenDltUserTest(java.lang.String)[pri:2, instance:api.test.DDTest@74e52ef6]" started-at="2026-01-07T00:39:58 IST" name="dataDrivenDltUserTest" data-provider="Username" finished-at="2026-01-07T00:40:00 IST" duration-ms="1945" status="PASS">
          <params>
            <param index="0">
              <value>
                <![CDATA[Padiyappa]]>
              </value>
            </param>
          </params>
          <reporter-output>
          </reporter-output>
        </test-method> <!-- dataDrivenDltUserTest -->
        <test-method signature="dataDrivenDltUserTest(java.lang.String)[pri:2, instance:api.test.DDTest@74e52ef6]" started-at="2026-01-07T00:40:00 IST" name="dataDrivenDltUserTest" data-provider="Username" finished-at="2026-01-07T00:40:01 IST" duration-ms="1819" status="PASS">
          <params>
            <param index="0">
              <value>
                <![CDATA[Baba]]>
              </value>
            </param>
          </params>
          <reporter-output>
          </reporter-output>
        </test-method> <!-- dataDrivenDltUserTest -->
      </class> <!-- api.test.DDTest -->
      <class name="api.test.StoreTest">
        <test-method signature="placeOrder()[pri:1, instance:api.test.StoreTest@62ddbd7e]" started-at="2026-01-07T00:39:38 IST" name="placeOrder" finished-at="2026-01-07T00:39:40 IST" duration-ms="2105" status="PASS">
          <reporter-output>
          </reporter-output>
        </test-method> <!-- placeOrder -->
        <test-method signature="inventoryDetailsSchema()[pri:2, instance:api.test.StoreTest@62ddbd7e]" started-at="2026-01-07T00:39:40 IST" name="inventoryDetailsSchema" finished-at="2026-01-07T00:39:42 IST" duration-ms="2208" status="PASS">
          <reporter-output>
          </reporter-output>
        </test-method> <!-- inventoryDetailsSchema -->
        <test-method signature="purchaseDetails()[pri:3, instance:api.test.StoreTest@62ddbd7e]" started-at="2026-01-07T00:39:42 IST" name="purchaseDetails" finished-at="2026-01-07T00:39:44 IST" duration-ms="2345" status="PASS">
          <reporter-output>
          </reporter-output>
        </test-method> <!-- purchaseDetails -->
        <test-method signature="dltPurchase()[pri:4, instance:api.test.StoreTest@62ddbd7e]" started-at="2026-01-07T00:39:44 IST" name="dltPurchase" finished-at="2026-01-07T00:39:46 IST" duration-ms="2028" status="PASS">
          <reporter-output>
          </reporter-output>
        </test-method> <!-- dltPurchase -->
      </class> <!-- api.test.StoreTest -->
    </test> <!-- Test -->
  </suite> <!-- Suite -->
</testng-results>
