<?xml version="1.0" encoding="UTF-8"?>
<testsuite xmlns:xsi="http://www.w3.org/2001/XMLSchema-instance" xsi:noNamespaceSchemaLocation="https://maven.apache.org/surefire/maven-surefire-plugin/xsd/surefire-test-report.xsd" version="3.0.2" name="TestSuite" time="44.919" tests="21" errors="0" skipped="0" failures="0">
  <properties>
[...]
</properties>
  <testcase name="testAddPetDetails" classname="api.test.PetTest" time="7.443">
    <system-out><![CDATA[HTTP/1.1 200 OK
Date: Sun, 11 Jan 2026 17:47:10 GMT
Content-Type: application/json
Transfer-Encoding: chunked
Connection: keep-alive
Access-Control-Allow-Origin: *
Access-Control-Allow-Methods: GET, POST, DELETE, PUT
Access-Control-Allow-Headers: Content-Type, api_key, Authorization
Server: Jetty(9.2.9.v20150224)

{
    "id": 9223372036854009707,
    "photoUrls": [
        
    ],
    "tags": [
        
    ]
}
Generated id: 9223372036854009707
]]></system-out>
    <system-err><![CDATA[SLF4J(W): No SLF4J providers were found.
SLF4J(W): Defaulting to no-operation (NOP) logger implementation
SLF4J(W): See https://www.slf4j.org/codes.html#noProviders for further details.
]]></system-err>
  </testcase>
  <testcase name="testUpdatePetDetails" classname="api.test.PetTest" time="1.61">
    <system-out><![CDATA[HTTP/1.1 200 OK
Date: Sun, 11 Jan 2026 17:47:13 GMT
Content-Type: application/json
Transfer-Encoding: chunked
Connection: keep-alive
Access-Control-Allow-Origin: *
Access-Control-Allow-Methods: GET, POST, DELETE, PUT
Access-Control-Allow-Headers: Content-Type, api_key, Authorization
Server: Jetty(9.2.9.v20150224)

{
    "id": 9223372036854009708,
    "photoUrls": [
        
    ],
    "tags": [
        
    ]
}
]]></system-out>
  </testcase>
  <testcase name="testViewPet" classname="api.test.PetTest" time="1.548">
    <system-out><![CDATA[HTTP/1.1 200 OK
Date: Sun, 11 Jan 2026 17:47:15 GMT
Content-Type: application/json
Transfer-Encoding: chunked
Connection: keep-alive
Access-Control-Allow-Origin: *
Access-Control-Allow-Methods: GET, POST, DELETE, PUT
Access-Control-Allow-Headers: Content-Type, api_key, Authorization
Server: Jetty(9.2.9.v20150224)

{
    "id": 9223372036854009707,
    "photoUrls": [
        
    ],
    "tags": [
        
    ]
}
]]></system-out>
  </testcase>
  <testcase name="testCreateUser" classname="api.test.User_Test" time="1.359">
    <system-out><![CDATA[HTTP/1.1 200 OK
Date: Sun, 11 Jan 2026 17:47:16 GMT
Content-Type: application/json
Transfer-Encoding: chunked
Connection: keep-alive
Access-Control-Allow-Origin: *
Access-Control-Allow-Methods: GET, POST, DELETE, PUT
Access-Control-Allow-Headers: Content-Type, api_key, Authorization
Server: Jetty(9.2.9.v20150224)

{
    "code": 200,
    "type": "unknown",
    "message": "1141393171"
}
]]></system-out>
  </testcase>
  <testcase name="testViewUserWithUsername" classname="api.test.User_Test" time="1.73">
    <system-out><![CDATA[HTTP/1.1 200 OK
Date: Sun, 11 Jan 2026 17:47:18 GMT
Content-Type: application/json
Transfer-Encoding: chunked
Connection: keep-alive
Access-Control-Allow-Origin: *
Access-Control-Allow-Methods: GET, POST, DELETE, PUT
Access-Control-Allow-Headers: Content-Type, api_key, Authorization
Server: Jetty(9.2.9.v20150224)

{
    "id": 1141393171,
    "username": "lyndon.tromp",
    "firstName": "Kaci",
    "email": "crystal.pagac@hotmail.com",
    "password": "l42ps2ew9dn",
    "userStatus": 0
}
io.restassured.internal.RestAssuredResponseImpl@7a600e21
]]></system-out>
  </testcase>
  <testcase name="testUpdateUserWithUsername" classname="api.test.User_Test" time="1.725">
    <system-out><![CDATA[{
    "code": 200,
    "type": "unknown",
    "message": "1141393171"
}
]]></system-out>
  </testcase>
  <testcase name="testViewUpdatedUserWithUsername" classname="api.test.User_Test" time="1.615">
    <system-out><![CDATA[{
    "id": 1141393171,
    "username": "lyndon.tromp",
    "firstName": "Kaci",
    "email": "jeniffer.vandervort@hotmail.com",
    "password": "1ekvzw2r7lg",
    "userStatus": 0
}
]]></system-out>
  </testcase>
  <testcase name="testdeleteUser" classname="api.test.User_Test" time="1.595"/>
  <testcase name="testViewDltedUserInfo" classname="api.test.User_Test" time="1.487">
    <system-out><![CDATA[{
    "code": 1,
    "type": "error",
    "message": "User not found"
}
]]></system-out>
  </testcase>
  <testcase name="testLogin" classname="api.test.User_Test" time="1.478">
    <system-out><![CDATA[{
    "code": 200,
    "type": "unknown",
    "message": "logged in user session:1768153646450"
}
]]></system-out>
  </testcase>
  <testcase name="testLogout" classname="api.test.User_Test" time="1.483">
    <system-out><![CDATA[{
    "code": 200,
    "type": "unknown",
    "message": "ok"
}
io.restassured.internal.RestAssuredResponseImpl@18adc20a
]]></system-out>
  </testcase>
  <testcase name="placeOrder" classname="api.test.StoreTest" time="1.769">
    <system-out><![CDATA[HTTP/1.1 200 OK
Date: Sun, 11 Jan 2026 17:47:29 GMT
Content-Type: application/json
Transfer-Encoding: chunked
Connection: keep-alive
Access-Control-Allow-Origin: *
Access-Control-Allow-Methods: GET, POST, DELETE, PUT
Access-Control-Allow-Headers: Content-Type, api_key, Authorization
Server: Jetty(9.2.9.v20150224)

{
    "id": 1918150282,
    "petId": 77567832,
    "quantity": 77567832,
    "shipDate": "1963-04-08T05:16:38.261+0000",
    "status": "Active",
    "complete": true
}
1918150282
]]></system-out>
  </testcase>
  <testcase name="inventoryDetailsSchema" classname="api.test.StoreTest" time="1.822">
    <system-out><![CDATA[HTTP/1.1 200 OK
Date: Sun, 11 Jan 2026 17:47:31 GMT
Content-Type: application/json
Transfer-Encoding: chunked
Connection: keep-alive
Access-Control-Allow-Origin: *
Access-Control-Allow-Methods: GET, POST, DELETE, PUT
Access-Control-Allow-Headers: Content-Type, api_key, Authorization
Server: Jetty(9.2.9.v20150224)

{
    "sold": 5,
    "string": 252,
    "invalid_status": 1,
    "pending": 5,
    "available": 159,
    "not available": 1,
    "playing": 1
}
]]></system-out>
  </testcase>
  <testcase name="purchaseDetails" classname="api.test.StoreTest" time="1.829">
    <system-out><![CDATA[{
    "code": 1,
    "type": "error",
    "message": "Order not found"
}
]]></system-out>
  </testcase>
  <testcase name="dltPurchase" classname="api.test.StoreTest" time="1.484">
    <system-out><![CDATA[HTTP/1.1 200 OK
Date: Sun, 11 Jan 2026 17:47:34 GMT
Content-Type: application/json
Transfer-Encoding: chunked
Connection: keep-alive
Access-Control-Allow-Origin: *
Access-Control-Allow-Methods: GET, POST, DELETE, PUT
Access-Control-Allow-Headers: Content-Type, api_key, Authorization
Server: Jetty(9.2.9.v20150224)

{
    "code": 200,
    "type": "unknown",
    "message": "1918150282"
}
]]></system-out>
  </testcase>
  <testcase name="dataDrivenCreateUserTest[1010, StarRaja, Star, Raj, StarRaja123@gmail.com, 2312312#@, 9876543210](1)" classname="api.test.DDTest" time="1.795">
    <system-out><![CDATA[HTTP/1.1 200 OK
Date: Sun, 11 Jan 2026 17:47:38 GMT
Content-Type: application/json
Transfer-Encoding: chunked
Connection: keep-alive
Access-Control-Allow-Origin: *
Access-Control-Allow-Methods: GET, POST, DELETE, PUT
Access-Control-Allow-Headers: Content-Type, api_key, Authorization
Server: Jetty(9.2.9.v20150224)

{
    "code": 200,
    "type": "unknown",
    "message": "1010"
}
]]></system-out>
  </testcase>
  <testcase name="dataDrivenCreateUserTest[1011, Padiyappa, Padai, Appan, Padiyappa122@gmail.com, kjs@dudbi, 1234567890](2)" classname="api.test.DDTest" time="1.866">
    <system-out><![CDATA[HTTP/1.1 200 OK
Date: Sun, 11 Jan 2026 17:47:39 GMT
Content-Type: application/json
Transfer-Encoding: chunked
Connection: keep-alive
Access-Control-Allow-Origin: *
Access-Control-Allow-Methods: GET, POST, DELETE, PUT
Access-Control-Allow-Headers: Content-Type, api_key, Authorization
Server: Jetty(9.2.9.v20150224)

{
    "code": 200,
    "type": "unknown",
    "message": "1011"
}
]]></system-out>
  </testcase>
  <testcase name="dataDrivenCreateUserTest[1012, Baba, Ba, Babu, Baba987@gmail.com, 081y28e0@, 8907654321](3)" classname="api.test.DDTest" time="1.78">
    <system-out><![CDATA[HTTP/1.1 200 OK
Date: Sun, 11 Jan 2026 17:47:41 GMT
Content-Type: application/json
Transfer-Encoding: chunked
Connection: keep-alive
Access-Control-Allow-Origin: *
Access-Control-Allow-Methods: GET, POST, DELETE, PUT
Access-Control-Allow-Headers: Content-Type, api_key, Authorization
Server: Jetty(9.2.9.v20150224)

{
    "code": 200,
    "type": "unknown",
    "message": "1012"
}
]]></system-out>
  </testcase>
  <testcase name="dataDrivenDltUserTest[StarRaja](1)" classname="api.test.DDTest" time="1.559">
    <system-out><![CDATA[{
    "code": 200,
    "type": "unknown",
    "message": "StarRaja"
}
]]></system-out>
  </testcase>
  <testcase name="dataDrivenDltUserTest[Padiyappa](2)" classname="api.test.DDTest" time="2.234">
    <system-out><![CDATA[{
    "code": 200,
    "type": "unknown",
    "message": "Padiyappa"
}
]]></system-out>
  </testcase>
  <testcase name="dataDrivenDltUserTest[Baba](3)" classname="api.test.DDTest" time="1.558">
    <system-out><![CDATA[{
    "code": 200,
    "type": "unknown",
    "message": "Baba"
}
]]></system-out>
  </testcase>
</testsuite>