<?xml version="1.0" encoding="UTF-8"?>
<testng-results ignored="0" total="23" passed="21" failed="2" skipped="0">
  <reporter-output>
  </reporter-output>
  <suite started-at="2026-01-06T01:44:06 IST" name="Suite" finished-at="2026-01-06T01:44:55 IST" duration-ms="48342">
    <groups>
    </groups>
    <test started-at="2026-01-06T01:44:06 IST" name="Test" finished-at="2026-01-06T01:44:55 IST" duration-ms="48342">
      <class name="api.test.User_Test">
        <test-method is-config="true" signature="setup()[pri:0, instance:api.test.User_Test@327514f]" started-at="2026-01-06T01:44:17 IST" name="setup" finished-at="2026-01-06T01:44:17 IST" duration-ms="314" status="PASS">
          <reporter-output>
          </reporter-output>
        </test-method> <!-- setup -->
        <test-method signature="testCreateUser()[pri:0, instance:api.test.User_Test@327514f]" started-at="2026-01-06T01:44:17 IST" name="testCreateUser" finished-at="2026-01-06T01:44:19 IST" duration-ms="1724" status="PASS">
          <reporter-output>
          </reporter-output>
        </test-method> <!-- testCreateUser -->
        <test-method signature="testViewUserWithUsername()[pri:1, instance:api.test.User_Test@327514f]" started-at="2026-01-06T01:44:19 IST" name="testViewUserWithUsername" finished-at="2026-01-06T01:44:21 IST" duration-ms="1771" status="PASS">
          <reporter-output>
          </reporter-output>
        </test-method> <!-- testViewUserWithUsername -->
        <test-method signature="testUpdateUserWithUsername()[pri:2, instance:api.test.User_Test@327514f]" started-at="2026-01-06T01:44:21 IST" name="testUpdateUserWithUsername" finished-at="2026-01-06T01:44:23 IST" duration-ms="1999" status="PASS">
          <reporter-output>
          </reporter-output>
        </test-method> <!-- testUpdateUserWithUsername -->
        <test-method signature="testViewUpdatedUserWithUsername()[pri:3, instance:api.test.User_Test@327514f]" started-at="2026-01-06T01:44:23 IST" name="testViewUpdatedUserWithUsername" finished-at="2026-01-06T01:44:25 IST" duration-ms="1699" status="PASS">
          <reporter-output>
          </reporter-output>
        </test-method> <!-- testViewUpdatedUserWithUsername -->
        <test-method signature="testdeleteUser()[pri:4, instance:api.test.User_Test@327514f]" started-at="2026-01-06T01:44:25 IST" name="testdeleteUser" finished-at="2026-01-06T01:44:27 IST" duration-ms="1904" status="PASS">
          <reporter-output>
          </reporter-output>
        </test-method> <!-- testdeleteUser -->
        <test-method signature="testViewDltedUserInfo()[pri:5, instance:api.test.User_Test@327514f]" started-at="2026-01-06T01:44:27 IST" name="testViewDltedUserInfo" finished-at="2026-01-06T01:44:29 IST" duration-ms="1678" status="PASS">
          <reporter-output>
          </reporter-output>
        </test-method> <!-- testViewDltedUserInfo -->
        <test-method signature="testLogin()[pri:6, instance:api.test.User_Test@327514f]" started-at="2026-01-06T01:44:29 IST" name="testLogin" finished-at="2026-01-06T01:44:30 IST" duration-ms="1597" status="PASS">
          <reporter-output>
          </reporter-output>
        </test-method> <!-- testLogin -->
        <test-method signature="testLogout()[pri:7, instance:api.test.User_Test@327514f]" started-at="2026-01-06T01:44:30 IST" name="testLogout" finished-at="2026-01-06T01:44:32 IST" duration-ms="1676" status="PASS">
          <reporter-output>
          </reporter-output>
        </test-method> <!-- testLogout -->
        <test-method signature="testCreateWithList()[pri:8, instance:api.test.User_Test@327514f]" started-at="2026-01-06T01:44:32 IST" name="testCreateWithList" finished-at="2026-01-06T01:44:32 IST" duration-ms="6" status="FAIL">
          <exception class="java.io.FileNotFoundException">
            <message>
              <![CDATA[Users/shabeerbaksha/SDET/PetStoreAutomation/ALFile.JSON (No such file or directory)]]>
            </message>
            <full-stacktrace>
              <![CDATA[java.io.FileNotFoundException: Users/shabeerbaksha/SDET/PetStoreAutomation/ALFile.JSON (No such file or directory)
at java.base/java.io.FileInputStream.open0(Native Method)
at java.base/java.io.FileInputStream.open(FileInputStream.java:213)
at java.base/java.io.FileInputStream.<init>(FileInputStream.java:152)
at java.base/java.io.FileReader.<init>(FileReader.java:75)
at api.test.User_Test.testCreateWithList(User_Test.java:146)
at java.base/jdk.internal.reflect.DirectMethodHandleAccessor.invoke(DirectMethodHandleAccessor.java:103)
at java.base/java.lang.reflect.Method.invoke(Method.java:580)
at org.testng.internal.invokers.MethodInvocationHelper.invokeMethod(MethodInvocationHelper.java:141)
at org.testng.internal.invokers.TestInvoker.invokeMethod(TestInvoker.java:687)
at org.testng.internal.invokers.TestInvoker.invokeTestMethod(TestInvoker.java:230)
at org.testng.internal.invokers.MethodRunner.runInSequence(MethodRunner.java:63)
at org.testng.internal.invokers.TestInvoker$MethodInvocationAgent.invoke(TestInvoker.java:995)
at org.testng.internal.invokers.TestInvoker.invokeTestMethods(TestInvoker.java:203)
at org.testng.internal.invokers.TestMethodWorker.invokeTestMethods(TestMethodWorker.java:154)
at org.testng.internal.invokers.TestMethodWorker.run(TestMethodWorker.java:134)
at java.base/java.util.ArrayList.forEach(ArrayList.java:1596)
at org.testng.TestRunner.privateRun(TestRunner.java:741)
at org.testng.TestRunner.run(TestRunner.java:616)
at org.testng.SuiteRunner.runTest(SuiteRunner.java:421)
at org.testng.SuiteRunner.runSequentially(SuiteRunner.java:413)
at org.testng.SuiteRunner.privateRun(SuiteRunner.java:373)
at org.testng.SuiteRunner.run(SuiteRunner.java:312)
at org.testng.SuiteRunnerWorker.runSuite(SuiteRunnerWorker.java:52)
at org.testng.SuiteRunnerWorker.run(SuiteRunnerWorker.java:95)
at org.testng.TestNG.runSuitesSequentially(TestNG.java:1274)
at org.testng.TestNG.runSuitesLocally(TestNG.java:1208)
at org.testng.TestNG.runSuites(TestNG.java:1112)
at org.testng.TestNG.run(TestNG.java:1079)
at org.testng.remote.AbstractRemoteTestNG.run(AbstractRemoteTestNG.java:115)
at org.testng.remote.RemoteTestNG.initAndRun(RemoteTestNG.java:293)
at org.testng.remote.RemoteTestNG.main(RemoteTestNG.java:91)
]]>
            </full-stacktrace>
          </exception> <!-- java.io.FileNotFoundException -->
          <reporter-output>
          </reporter-output>
        </test-method> <!-- testCreateWithList -->
        <test-method signature="CreateWithArray()[pri:9, instance:api.test.User_Test@327514f]" started-at="2026-01-06T01:44:32 IST" name="CreateWithArray" finished-at="2026-01-06T01:44:32 IST" duration-ms="3" status="FAIL">
          <exception class="org.json.JSONException">
            <message>
              <![CDATA[A JSONObject text must begin with '{' at 1 [character 2 line 1]]]>
            </message>
            <full-stacktrace>
              <![CDATA[org.json.JSONException: A JSONObject text must begin with '{' at 1 [character 2 line 1]
at org.json.JSONTokener.syntaxError(JSONTokener.java:568)
at org.json.JSONObject.<init>(JSONObject.java:220)
at org.json.JSONObject.<init>(JSONObject.java:198)
at api.test.User_Test.CreateWithArray(User_Test.java:134)
at java.base/jdk.internal.reflect.DirectMethodHandleAccessor.invoke(DirectMethodHandleAccessor.java:103)
at java.base/java.lang.reflect.Method.invoke(Method.java:580)
at org.testng.internal.invokers.MethodInvocationHelper.invokeMethod(MethodInvocationHelper.java:141)
at org.testng.internal.invokers.TestInvoker.invokeMethod(TestInvoker.java:687)
at org.testng.internal.invokers.TestInvoker.invokeTestMethod(TestInvoker.java:230)
at org.testng.internal.invokers.MethodRunner.runInSequence(MethodRunner.java:63)
at org.testng.internal.invokers.TestInvoker$MethodInvocationAgent.invoke(TestInvoker.java:995)
at org.testng.internal.invokers.TestInvoker.invokeTestMethods(TestInvoker.java:203)
at org.testng.internal.invokers.TestMethodWorker.invokeTestMethods(TestMethodWorker.java:154)
at org.testng.internal.invokers.TestMethodWorker.run(TestMethodWorker.java:134)
at java.base/java.util.ArrayList.forEach(ArrayList.java:1596)
at org.testng.TestRunner.privateRun(TestRunner.java:741)
at org.testng.TestRunner.run(TestRunner.java:616)
at org.testng.SuiteRunner.runTest(SuiteRunner.java:421)
at org.testng.SuiteRunner.runSequentially(SuiteRunner.java:413)
at org.testng.SuiteRunner.privateRun(SuiteRunner.java:373)
at org.testng.SuiteRunner.run(SuiteRunner.java:312)
at org.testng.SuiteRunnerWorker.runSuite(SuiteRunnerWorker.java:52)
at org.testng.SuiteRunnerWorker.run(SuiteRunnerWorker.java:95)
at org.testng.TestNG.runSuitesSequentially(TestNG.java:1274)
at org.testng.TestNG.runSuitesLocally(TestNG.java:1208)
at org.testng.TestNG.runSuites(TestNG.java:1112)
at org.testng.TestNG.run(TestNG.java:1079)
at org.testng.remote.AbstractRemoteTestNG.run(AbstractRemoteTestNG.java:115)
at org.testng.remote.RemoteTestNG.initAndRun(RemoteTestNG.java:293)
at org.testng.remote.RemoteTestNG.main(RemoteTestNG.java:91)
]]>
            </full-stacktrace>
          </exception> <!-- org.json.JSONException -->
          <reporter-output>
          </reporter-output>
        </test-method> <!-- CreateWithArray -->
      </class> <!-- api.test.User_Test -->
      <class name="api.test.PetTest">
        <test-method signature="testAddPetDetails()[pri:1, instance:api.test.PetTest@48f2bd5b]" started-at="2026-01-06T01:44:07 IST" name="testAddPetDetails" finished-at="2026-01-06T01:44:13 IST" duration-ms="6814" status="PASS">
          <reporter-output>
          </reporter-output>
        </test-method> <!-- testAddPetDetails -->
        <test-method signature="testUpdatePetDetails()[pri:2, instance:api.test.PetTest@48f2bd5b]" started-at="2026-01-06T01:44:13 IST" name="testUpdatePetDetails" finished-at="2026-01-06T01:44:15 IST" duration-ms="1768" status="PASS">
          <reporter-output>
          </reporter-output>
        </test-method> <!-- testUpdatePetDetails -->
        <test-method signature="testViewPet()[pri:3, instance:api.test.PetTest@48f2bd5b]" started-at="2026-01-06T01:44:15 IST" name="testViewPet" finished-at="2026-01-06T01:44:17 IST" duration-ms="1869" status="PASS">
          <reporter-output>
          </reporter-output>
        </test-method> <!-- testViewPet -->
      </class> <!-- api.test.PetTest -->
      <class name="api.test.DDTest">
        <test-method signature="dataDrivenCreateUserTest(java.lang.String,java.lang.String,java.lang.String,java.lang.String,java.lang.String,java.lang.String,java.lang.String)[pri:1, instance:api.test.DDTest@574b560f]" started-at="2026-01-06T01:44:43 IST" name="dataDrivenCreateUserTest" data-provider="Data" finished-at="2026-01-06T01:44:45 IST" duration-ms="2334" status="PASS">
          <params>
            <param index="0">
              <value>
                <![CDATA[1010]]>
              </value>
            </param>
            <param index="1">
              <value>
                <![CDATA[StarRaja]]>
              </value>
            </param>
            <param index="2">
              <value>
                <![CDATA[Star]]>
              </value>
            </param>
            <param index="3">
              <value>
                <![CDATA[Raj]]>
              </value>
            </param>
            <param index="4">
              <value>
                <![CDATA[StarRaja123@gmail.com]]>
              </value>
            </param>
            <param index="5">
              <value>
                <![CDATA[2312312#@]]>
              </value>
            </param>
            <param index="6">
              <value>
                <![CDATA[9876543210]]>
              </value>
            </param>
          </params>
          <reporter-output>
          </reporter-output>
        </test-method> <!-- dataDrivenCreateUserTest -->
        <test-method signature="dataDrivenCreateUserTest(java.lang.String,java.lang.String,java.lang.String,java.lang.String,java.lang.String,java.lang.String,java.lang.String)[pri:1, instance:api.test.DDTest@574b560f]" started-at="2026-01-06T01:44:45 IST" name="dataDrivenCreateUserTest" data-provider="Data" finished-at="2026-01-06T01:44:47 IST" duration-ms="1704" status="PASS">
          <params>
            <param index="0">
              <value>
                <![CDATA[1011]]>
              </value>
            </param>
            <param index="1">
              <value>
                <![CDATA[Padiyappa]]>
              </value>
            </param>
            <param index="2">
              <value>
                <![CDATA[Padai]]>
              </value>
            </param>
            <param index="3">
              <value>
                <![CDATA[Appan]]>
              </value>
            </param>
            <param index="4">
              <value>
                <![CDATA[Padiyappa122@gmail.com]]>
              </value>
            </param>
            <param index="5">
              <value>
                <![CDATA[kjs@dudbi]]>
              </value>
            </param>
            <param index="6">
              <value>
                <![CDATA[1234567890]]>
              </value>
            </param>
          </params>
          <reporter-output>
          </reporter-output>
        </test-method> <!-- dataDrivenCreateUserTest -->
        <test-method signature="dataDrivenCreateUserTest(java.lang.String,java.lang.String,java.lang.String,java.lang.String,java.lang.String,java.lang.String,java.lang.String)[pri:1, instance:api.test.DDTest@574b560f]" started-at="2026-01-06T01:44:47 IST" name="dataDrivenCreateUserTest" data-provider="Data" finished-at="2026-01-06T01:44:49 IST" duration-ms="1680" status="PASS">
          <params>
            <param index="0">
              <value>
                <![CDATA[1012]]>
              </value>
            </param>
            <param index="1">
              <value>
                <![CDATA[Baba]]>
              </value>
            </param>
            <param index="2">
              <value>
                <![CDATA[Ba]]>
              </value>
            </param>
            <param index="3">
              <value>
                <![CDATA[Babu]]>
              </value>
            </param>
            <param index="4">
              <value>
                <![CDATA[Baba987@gmail.com]]>
              </value>
            </param>
            <param index="5">
              <value>
                <![CDATA[081y28e0@]]>
              </value>
            </param>
            <param index="6">
              <value>
                <![CDATA[8907654321]]>
              </value>
            </param>
          </params>
          <reporter-output>
          </reporter-output>
        </test-method> <!-- dataDrivenCreateUserTest -->
        <test-method signature="dataDrivenDltUserTest(java.lang.String)[pri:2, instance:api.test.DDTest@574b560f]" started-at="2026-01-06T01:44:49 IST" name="dataDrivenDltUserTest" data-provider="Username" finished-at="2026-01-06T01:44:51 IST" duration-ms="1624" status="PASS">
          <params>
            <param index="0">
              <value>
                <![CDATA[StarRaja]]>
              </value>
            </param>
          </params>
          <reporter-output>
          </reporter-output>
        </test-method> <!-- dataDrivenDltUserTest -->
        <test-method signature="dataDrivenDltUserTest(java.lang.String)[pri:2, instance:api.test.DDTest@574b560f]" started-at="2026-01-06T01:44:51 IST" name="dataDrivenDltUserTest" data-provider="Username" finished-at="2026-01-06T01:44:53 IST" duration-ms="1770" status="PASS">
          <params>
            <param index="0">
              <value>
                <![CDATA[Padiyappa]]>
              </value>
            </param>
          </params>
          <reporter-output>
          </reporter-output>
        </test-method> <!-- dataDrivenDltUserTest -->
        <test-method signature="dataDrivenDltUserTest(java.lang.String)[pri:2, instance:api.test.DDTest@574b560f]" started-at="2026-01-06T01:44:53 IST" name="dataDrivenDltUserTest" data-provider="Username" finished-at="2026-01-06T01:44:55 IST" duration-ms="2024" status="PASS">
          <params>
            <param index="0">
              <value>
                <![CDATA[Baba]]>
              </value>
            </param>
          </params>
          <reporter-output>
          </reporter-output>
        </test-method> <!-- dataDrivenDltUserTest -->
      </class> <!-- api.test.DDTest -->
      <class name="api.test.StoreTest">
        <test-method signature="placeOrder()[pri:1, instance:api.test.StoreTest@36b4fe2a]" started-at="2026-01-06T01:44:32 IST" name="placeOrder" finished-at="2026-01-06T01:44:34 IST" duration-ms="1653" status="PASS">
          <reporter-output>
          </reporter-output>
        </test-method> <!-- placeOrder -->
        <test-method signature="inventoryDetailsSchema()[pri:2, instance:api.test.StoreTest@36b4fe2a]" started-at="2026-01-06T01:44:34 IST" name="inventoryDetailsSchema" finished-at="2026-01-06T01:44:36 IST" duration-ms="2255" status="PASS">
          <reporter-output>
          </reporter-output>
        </test-method> <!-- inventoryDetailsSchema -->
        <test-method signature="purchaseDetails()[pri:3, instance:api.test.StoreTest@36b4fe2a]" started-at="2026-01-06T01:44:36 IST" name="purchaseDetails" finished-at="2026-01-06T01:44:38 IST" duration-ms="2068" status="PASS">
          <reporter-output>
          </reporter-output>
        </test-method> <!-- purchaseDetails -->
        <test-method signature="dltPurchase()[pri:4, instance:api.test.StoreTest@36b4fe2a]" started-at="2026-01-06T01:44:38 IST" name="dltPurchase" finished-at="2026-01-06T01:44:40 IST" duration-ms="1870" status="PASS">
          <reporter-output>
          </reporter-output>
        </test-method> <!-- dltPurchase -->
      </class> <!-- api.test.StoreTest -->
    </test> <!-- Test -->
  </suite> <!-- Suite -->
</testng-results>
