<?xml version="1.0" encoding="UTF-8"?>
<!-- Generated by org.testng.reporters.JUnitReportReporter -->
<testsuite hostname="Shabeers-MacBook-Air.local" failures="0" tests="4" name="api.test.StoreTest" time="7.846" errors="0" timestamp="2026-01-06T01:44:55 IST" skipped="0">
  <testcase classname="api.test.StoreTest" name="placeOrder" time="1.653"/>
  <testcase classname="api.test.StoreTest" name="inventoryDetailsSchema" time="2.255"/>
  <testcase classname="api.test.StoreTest" name="purchaseDetails" time="2.068"/>
  <testcase classname="api.test.StoreTest" name="dltPurchase" time="1.870"/>
</testsuite> <!-- api.test.StoreTest -->
