<?xml version="1.0" encoding="UTF-8"?>
<!-- Generated by org.testng.reporters.JUnitReportReporter -->
<testsuite hostname="Shabeers-MacBook-Air.local" failures="0" tests="6" name="api.test.DDTest" time="11.136" errors="0" timestamp="2026-01-06T01:44:55 IST" skipped="0">
  <testcase classname="api.test.DDTest" name="dataDrivenCreateUserTest" time="1.704"/>
  <testcase classname="api.test.DDTest" name="dataDrivenCreateUserTest" time="2.334"/>
  <testcase classname="api.test.DDTest" name="dataDrivenCreateUserTest" time="1.680"/>
  <testcase classname="api.test.DDTest" name="dataDrivenDltUserTest" time="1.770"/>
  <testcase classname="api.test.DDTest" name="dataDrivenDltUserTest" time="2.024"/>
  <testcase classname="api.test.DDTest" name="dataDrivenDltUserTest" time="1.624"/>
</testsuite> <!-- api.test.DDTest -->
