<?xml version="1.0" encoding="UTF-8"?>
<!-- Generated by org.testng.reporters.JUnitReportReporter -->
<testsuite hostname="Shabeers-MacBook-Air.local" failures="0" tests="3" name="api.test.PetTest" time="10.451" errors="0" timestamp="2026-01-06T01:44:55 IST" skipped="0">
  <testcase classname="api.test.PetTest" name="testAddPetDetails" time="6.814"/>
  <testcase classname="api.test.PetTest" name="testUpdatePetDetails" time="1.768"/>
  <testcase classname="api.test.PetTest" name="testViewPet" time="1.869"/>
</testsuite> <!-- api.test.PetTest -->
