<?xml version="1.0" encoding="UTF-8"?>
<!-- Generated by org.testng.reporters.JUnitReportReporter -->
<testsuite hostname="Shabeers-MacBook-Air.local" failures="0" tests="6" name="api.test.DDTest" time="12.991" errors="0" timestamp="2026-01-07T00:40:02 IST" skipped="0">
  <testcase classname="api.test.DDTest" name="dataDrivenCreateUserTest" time="2.090"/>
  <testcase classname="api.test.DDTest" name="dataDrivenCreateUserTest" time="2.446"/>
  <testcase classname="api.test.DDTest" name="dataDrivenCreateUserTest" time="2.613"/>
  <testcase classname="api.test.DDTest" name="dataDrivenDltUserTest" time="2.078"/>
  <testcase classname="api.test.DDTest" name="dataDrivenDltUserTest" time="1.945"/>
  <testcase classname="api.test.DDTest" name="dataDrivenDltUserTest" time="1.819"/>
</testsuite> <!-- api.test.DDTest -->
