<?xml version="1.0" encoding="UTF-8"?>
<!-- Generated by org.testng.reporters.JUnitReportReporter -->
<testsuite hostname="Shabeers-MacBook-Air.local" failures="0" tests="3" name="api.test.PetTest" time="10.552" errors="0" timestamp="2026-01-11T23:17:48 IST" skipped="0">
  <testcase classname="api.test.PetTest" name="testAddPetDetails" time="7.407"/>
  <testcase classname="api.test.PetTest" name="testUpdatePetDetails" time="1.602"/>
  <testcase classname="api.test.PetTest" name="testViewPet" time="1.543"/>
</testsuite> <!-- api.test.PetTest -->
