<?xml version="1.0" encoding="UTF-8"?>
<!-- Generated by org.testng.reporters.JUnitReportReporter -->
<testsuite hostname="Shabeers-MacBook-Air.local" failures="0" tests="8" name="api.test.User_Test" time="16.453" errors="0" timestamp="2026-01-07T00:40:02 IST" skipped="0">
  <testcase classname="api.test.User_Test" name="testCreateUser" time="2.090"/>
  <testcase classname="api.test.User_Test" name="testViewUserWithUsername" time="1.694"/>
  <testcase classname="api.test.User_Test" name="testUpdateUserWithUsername" time="2.378"/>
  <testcase classname="api.test.User_Test" name="testViewUpdatedUserWithUsername" time="1.914"/>
  <testcase classname="api.test.User_Test" name="testdeleteUser" time="2.154"/>
  <testcase classname="api.test.User_Test" name="testViewDltedUserInfo" time="2.189"/>
  <testcase classname="api.test.User_Test" name="testLogin" time="1.918"/>
  <testcase classname="api.test.User_Test" name="testLogout" time="2.116"/>
</testsuite> <!-- api.test.User_Test -->
