<?xml version="1.0" encoding="UTF-8"?>
<!-- Generated by org.testng.reporters.JUnitReportReporter -->
<testsuite hostname="Shabeers-MacBook-Air.local" failures="0" tests="4" name="api.test.StoreTest" time="8.686" errors="0" timestamp="2026-01-07T00:40:02 IST" skipped="0">
  <testcase classname="api.test.StoreTest" name="placeOrder" time="2.105"/>
  <testcase classname="api.test.StoreTest" name="inventoryDetailsSchema" time="2.208"/>
  <testcase classname="api.test.StoreTest" name="purchaseDetails" time="2.345"/>
  <testcase classname="api.test.StoreTest" name="dltPurchase" time="2.028"/>
</testsuite> <!-- api.test.StoreTest -->
