<?xml version="1.0" encoding="UTF-8"?>
<!-- Generated by org.testng.reporters.JUnitReportReporter -->
<testsuite hostname="Shabeers-MacBook-Air.local" failures="0" tests="4" name="api.test.StoreTest" time="6.897" errors="0" timestamp="2026-01-11T23:17:48 IST" skipped="0">
  <testcase classname="api.test.StoreTest" name="placeOrder" time="1.770"/>
  <testcase classname="api.test.StoreTest" name="inventoryDetailsSchema" time="1.818"/>
  <testcase classname="api.test.StoreTest" name="purchaseDetails" time="1.826"/>
  <testcase classname="api.test.StoreTest" name="dltPurchase" time="1.483"/>
</testsuite> <!-- api.test.StoreTest -->
