<?xml version="1.0" encoding="UTF-8"?>
<!-- Generated by org.testng.reporters.JUnitReportReporter -->
<testsuite hostname="Shabeers-MacBook-Air.local" failures="0" tests="3" name="api.test.PetTest" time="11.229" errors="0" timestamp="2026-01-07T00:40:02 IST" skipped="0">
  <testcase classname="api.test.PetTest" name="testAddPetDetails" time="6.935"/>
  <testcase classname="api.test.PetTest" name="testUpdatePetDetails" time="2.231"/>
  <testcase classname="api.test.PetTest" name="testViewPet" time="2.063"/>
</testsuite> <!-- api.test.PetTest -->
