<?xml version="1.0" encoding="UTF-8"?>
<!-- Generated by org.testng.reporters.JUnitReportReporter -->
<testsuite hostname="Shabeers-MacBook-Air.local" failures="0" tests="6" name="api.test.DDTest" time="10.691" errors="0" timestamp="2026-01-11T23:17:48 IST" skipped="0">
  <testcase classname="api.test.DDTest" name="dataDrivenCreateUserTest" time="1.853"/>
  <testcase classname="api.test.DDTest" name="dataDrivenCreateUserTest" time="1.768"/>
  <testcase classname="api.test.DDTest" name="dataDrivenCreateUserTest" time="1.735"/>
  <testcase classname="api.test.DDTest" name="dataDrivenDltUserTest" time="1.555"/>
  <testcase classname="api.test.DDTest" name="dataDrivenDltUserTest" time="1.552"/>
  <testcase classname="api.test.DDTest" name="dataDrivenDltUserTest" time="2.228"/>
</testsuite> <!-- api.test.DDTest -->
