<?xml version="1.0" encoding="UTF-8"?>
<!-- Generated by org.testng.reporters.JUnitReportReporter -->
<testsuite hostname="Shabeers-MacBook-Air.local" failures="0" tests="8" name="api.test.User_Test" time="12.447" errors="0" timestamp="2026-01-11T23:17:48 IST" skipped="0">
  <testcase classname="api.test.User_Test" name="testCreateUser" time="1.354"/>
  <testcase classname="api.test.User_Test" name="testViewUserWithUsername" time="1.726"/>
  <testcase classname="api.test.User_Test" name="testUpdateUserWithUsername" time="1.728"/>
  <testcase classname="api.test.User_Test" name="testViewUpdatedUserWithUsername" time="1.614"/>
  <testcase classname="api.test.User_Test" name="testdeleteUser" time="1.586"/>
  <testcase classname="api.test.User_Test" name="testViewDltedUserInfo" time="1.478"/>
  <testcase classname="api.test.User_Test" name="testLogin" time="1.477"/>
  <testcase classname="api.test.User_Test" name="testLogout" time="1.484"/>
</testsuite> <!-- api.test.User_Test -->
