<?xml version="1.0" encoding="UTF-8"?>
<!-- Generated by org.testng.reporters.JUnitXMLReporter -->
<testsuite ignored="0" hostname="Shabeers-MacBook-Air.local" failures="2" tests="16" name="PetTest" time="34.376" errors="0" timestamp="2026-01-02T04:19:12 IST">
  <testcase classname="api.test.User_Test" name="testCreateUser" time="5.002"/>
  <testcase classname="api.test.User_Test" name="testViewUserWithUsername" time="2.333"/>
  <testcase classname="api.test.User_Test" name="testUpdateUserWithUsername" time="2.175"/>
  <testcase classname="api.test.User_Test" name="testViewUpdatedUserWithUsername" time="1.79"/>
  <testcase classname="api.test.User_Test" name="testdeleteUser" time="1.928"/>
  <testcase classname="api.test.User_Test" name="testViewDltedUserInfo" time="2.179"/>
  <testcase classname="api.test.User_Test" name="testLogin" time="2.024"/>
  <testcase classname="api.test.User_Test" name="testLogout" time="2.019"/>
  <testcase classname="api.test.User_Test" name="testCreateWithList" time="0.006">
    <failure type="java.io.FileNotFoundException" message="Users/shabeerbaksha/SDET/PetStoreAutomation/ALFile.JSON (No such file or directory)">
      <![CDATA[java.io.FileNotFoundException: Users/shabeerbaksha/SDET/PetStoreAutomation/ALFile.JSON (No such file or directory)
at java.base/java.io.FileInputStream.open0(Native Method)
at java.base/java.io.FileInputStream.open(FileInputStream.java:213)
at java.base/java.io.FileInputStream.<init>(FileInputStream.java:152)
at java.base/java.io.FileReader.<init>(FileReader.java:75)
at api.test.User_Test.testCreateWithList(User_Test.java:187)
at java.base/java.util.ArrayList.forEach(ArrayList.java:1596)
... Removed 25 stack frames]]>
    </failure>
  </testcase> <!-- testCreateWithList -->
  <testcase classname="api.test.User_Test" name="CreateWithArray" time="0.009">
    <failure type="java.io.FileNotFoundException" message="Users/shabeerbaksha/SDET/PetStoreAutomation/ALFile.JSON (No such file or directory)">
      <![CDATA[java.io.FileNotFoundException: Users/shabeerbaksha/SDET/PetStoreAutomation/ALFile.JSON (No such file or directory)
at java.base/java.io.FileInputStream.open0(Native Method)
at java.base/java.io.FileInputStream.open(FileInputStream.java:213)
at java.base/java.io.FileInputStream.<init>(FileInputStream.java:152)
at java.base/java.io.FileReader.<init>(FileReader.java:75)
at api.test.User_Test.CreateWithArray(User_Test.java:173)
at java.base/java.util.ArrayList.forEach(ArrayList.java:1596)
... Removed 25 stack frames]]>
    </failure>
  </testcase> <!-- CreateWithArray -->
  <testcase classname="api.test.DDTest" name="dataDrivenCreateUserTest" time="1.946"/>
  <testcase classname="api.test.DDTest" name="dataDrivenCreateUserTest" time="2.207"/>
  <testcase classname="api.test.DDTest" name="dataDrivenCreateUserTest" time="1.663"/>
  <testcase classname="api.test.DDTest" name="dataDrivenDltUserTest" time="2.189"/>
  <testcase classname="api.test.DDTest" name="dataDrivenDltUserTest" time="2.039"/>
  <testcase classname="api.test.DDTest" name="dataDrivenDltUserTest" time="1.964"/>
</testsuite> <!-- PetTest -->
